2023-02-13 21:41:49.905 [main] ERROR Main - Текущая ошибка: Wrong format. Correct format: 
add Василий Петров vasily.petrov@gmail.com +79215637722
2023-02-13 21:42:00.440 [main] ERROR Main - Текущая ошибка: Wrong format. Correct format: 
add Василий Петров vasily.petrov@gmail.com +79215637722
2023-02-13 21:46:01.464 [main] ERROR Main - Текущая ошибка: Wrong format. Correct format: 
add Василий Петров vasily.petrov@gmail.com +79215637722
2023-02-13 21:46:24.968 [main] ERROR Main - Текущая ошибка: Wrong format. Correct format: 
add Василий Петров vasily.petrov@gmail.com +79215637722
2023-02-13 21:53:08.306 [main] ERROR Main - Текущая ошибка: Wrong format. Correct format: 
Введите номер в следующем формате: +79215637722
2023-02-13 21:54:46.216 [main] ERROR Main - Текущая ошибка: Wrong format. Correct format: 
add Василий Петров vasily.petrov@gmail.com +79215637722
2023-02-13 21:54:55.051 [main] ERROR Main - Текущая ошибка: Wrong format. Correct format: 
Введите корректный email. Например: vasily.petrov@gmail.com
2023-02-13 22:00:01.462 [main] ERROR Main - Текущая ошибка: Index 1 out of bounds for length 1
2023-02-13 22:00:10.855 [main] ERROR Main - Текущая ошибка: Wrong format. Correct format: 
add Василий Петров vasily.petrov@gmail.com +79215637722
2023-02-14 12:56:18.930 [main] ERROR Main - Текущая ошибка: Wrong format. Correct format: 
Введите корректный email. Например: vasily.petrov@gmail.com
2023-02-14 13:00:00.276 [main] ERROR Main - Текущая ошибка: Wrong format. Correct format: 
add Василий Петров vasily.petrov@gmail.com +79215637722
2023-02-14 13:00:13.321 [main] ERROR Main - Текущая ошибка: Wrong format. Correct format: 
add Василий Петров vasily.petrov@gmail.com +79215637722
2023-02-14 13:02:25.660 [main] ERROR Main - Текущая ошибка: Wrong format. Correct format: 
Введите номер в следующем формате: +79215637722
2023-02-17 20:00:18.051 [main] ERROR Main - Текущая ошибка: Wrong format. Correct format: 
add Василий Петров vasily.petrov@gmail.com +79215637722
